python3: can't open file 'KStat/KStat_Dash_Front.py': [Errno 2] No such file or directory
 * Serving Flask app "kstat_interface.dash_apps.app" (lazy loading)
 * Environment: production
[31m   WARNING: Do not use the development server in a production environment.[0m
[2m   Use a production WSGI server instead.[0m
 * Debug mode: off
 * Running on http://10.3.141.1:8080/ (Press CTRL+C to quit)
^C * Serving Flask app "kstat_interface.dash_apps.app" (lazy loading)
 * Environment: production
[31m   WARNING: Do not use the development server in a production environment.[0m
[2m   Use a production WSGI server instead.[0m
 * Debug mode: off
 * Running on http://10.3.141.1:8080/ (Press CTRL+C to quit)
^C * Serving Flask app "kstat_interface.dash_apps.app" (lazy loading)
 * Environment: production
[31m   WARNING: Do not use the development server in a production environment.[0m
[2m   Use a production WSGI server instead.[0m
 * Debug mode: off
 * Running on http://10.3.141.1:8080/ (Press CTRL+C to quit)
^C * Serving Flask app "kstat_interface.dash_apps.app" (lazy loading)
 * Environment: production
[31m   WARNING: Do not use the development server in a production environment.[0m
[2m   Use a production WSGI server instead.[0m
 * Debug mode: off
 * Running on http://10.3.141.1:8080/ (Press CTRL+C to quit)
^C * Serving Flask app "kstat_interface.dash_apps.app" (lazy loading)
 * Environment: production
[31m   WARNING: Do not use the development server in a production environment.[0m
[2m   Use a production WSGI server instead.[0m
 * Debug mode: off
 * Running on http://10.3.141.1:8080/ (Press CTRL+C to quit)
^C * Serving Flask app "kstat_interface.dash_apps.app" (lazy loading)
 * Environment: production
[31m   WARNING: Do not use the development server in a production environment.[0m
[2m   Use a production WSGI server instead.[0m
 * Debug mode: off
 * Running on http://10.3.141.1:8080/ (Press CTRL+C to quit)
^C * Serving Flask app "kstat_interface.dash_apps.app" (lazy loading)
 * Environment: production
[31m   WARNING: Do not use the development server in a production environment.[0m
[2m   Use a production WSGI server instead.[0m
 * Debug mode: off
 * Running on http://10.3.141.1:8080/ (Press CTRL+C to quit)
^C * Serving Flask app "kstat_interface.dash_apps.app" (lazy loading)
 * Environment: production
[31m   WARNING: Do not use the development server in a production environment.[0m
[2m   Use a production WSGI server instead.[0m
 * Debug mode: off
 * Running on http://10.3.141.1:8080/ (Press CTRL+C to quit)
^C * Serving Flask app "kstat_interface.dash_apps.app" (lazy loading)
 * Environment: production
[31m   WARNING: Do not use the development server in a production environment.[0m
[2m   Use a production WSGI server instead.[0m
 * Debug mode: off
 * Running on http://10.3.141.1:8080/ (Press CTRL+C to quit)
^C * Serving Flask app "kstat_interface.dash_apps.app" (lazy loading)
 * Environment: production
[31m   WARNING: Do not use the development server in a production environment.[0m
[2m   Use a production WSGI server instead.[0m
 * Debug mode: off
 * Running on http://10.3.141.1:8080/ (Press CTRL+C to quit)
^C * Serving Flask app "kstat_interface.dash_apps.app" (lazy loading)
 * Environment: production
[31m   WARNING: Do not use the development server in a production environment.[0m
[2m   Use a production WSGI server instead.[0m
 * Debug mode: off
 * Running on http://10.3.141.1:8080/ (Press CTRL+C to quit)
^C * Serving Flask app "kstat_interface.dash_apps.app" (lazy loading)
 * Environment: production
[31m   WARNING: Do not use the development server in a production environment.[0m
[2m   Use a production WSGI server instead.[0m
 * Debug mode: off
 * Running on http://10.3.141.1:8080/ (Press CTRL+C to quit)
^C * Serving Flask app "kstat_interface.dash_apps.app" (lazy loading)
 * Environment: production
[31m   WARNING: Do not use the development server in a production environment.[0m
[2m   Use a production WSGI server instead.[0m
 * Debug mode: off
 * Running on http://10.3.141.1:8080/ (Press CTRL+C to quit)
^C * Serving Flask app "kstat_interface.dash_apps.app" (lazy loading)
 * Environment: production
[31m   WARNING: Do not use the development server in a production environment.[0m
[2m   Use a production WSGI server instead.[0m
 * Debug mode: off
 * Running on http://10.3.141.1:8080/ (Press CTRL+C to quit)
^C * Serving Flask app "kstat_interface.dash_apps.app" (lazy loading)
 * Environment: production
[31m   WARNING: Do not use the development server in a production environment.[0m
[2m   Use a production WSGI server instead.[0m
 * Debug mode: off
 * Running on http://10.3.141.1:8080/ (Press CTRL+C to quit)
^C * Serving Flask app "kstat_interface.dash_apps.app" (lazy loading)
 * Environment: production
[31m   WARNING: Do not use the development server in a production environment.[0m
[2m   Use a production WSGI server instead.[0m
 * Debug mode: off
 * Running on http://10.3.141.1:8080/ (Press CTRL+C to quit)
^C * Serving Flask app "kstat_interface.dash_apps.app" (lazy loading)
 * Environment: production
[31m   WARNING: Do not use the development server in a production environment.[0m
[2m   Use a production WSGI server instead.[0m
 * Debug mode: off
 * Running on http://10.3.141.1:8080/ (Press CTRL+C to quit)
^C * Serving Flask app "kstat_interface.dash_apps.app" (lazy loading)
 * Environment: production
[31m   WARNING: Do not use the development server in a production environment.[0m
[2m   Use a production WSGI server instead.[0m
 * Debug mode: off
 * Running on http://10.3.141.1:8080/ (Press CTRL+C to quit)
^C * Serving Flask app "kstat_interface.dash_apps.app" (lazy loading)
 * Environment: production
[31m   WARNING: Do not use the development server in a production environment.[0m
[2m   Use a production WSGI server instead.[0m
 * Debug mode: off
 * Running on http://10.3.141.1:8080/ (Press CTRL+C to quit)
^C * Serving Flask app "kstat_interface.dash_apps.app" (lazy loading)
 * Environment: production
[31m   WARNING: Do not use the development server in a production environment.[0m
[2m   Use a production WSGI server instead.[0m
 * Debug mode: off
 * Running on http://10.3.141.1:8080/ (Press CTRL+C to quit)
^C * Serving Flask app "kstat_interface.dash_apps.app" (lazy loading)
 * Environment: production
[31m   WARNING: Do not use the development server in a production environment.[0m
[2m   Use a production WSGI server instead.[0m
 * Debug mode: off
^CTraceback (most recent call last):
  File "RPi_KStat/KStat_Dash_Front.py", line 168, in <module>
    app.run_server(debug=False, host='10.3.141.1', port=8080)
  File "/home/pi/.local/lib/python3.7/site-packages/dash/dash.py", line 1926, in run_server
    self.server.run(port=port, debug=debug, **flask_run_options)
  File "/usr/lib/python3/dist-packages/flask/app.py", line 943, in run
    run_simple(host, port, self, **options)
  File "/usr/lib/python3/dist-packages/werkzeug/serving.py", line 814, in run_simple
    inner()
  File "/usr/lib/python3/dist-packages/werkzeug/serving.py", line 774, in inner
    fd=fd)
  File "/usr/lib/python3/dist-packages/werkzeug/serving.py", line 660, in make_server
    passthrough_errors, ssl_context, fd=fd)
  File "/usr/lib/python3/dist-packages/werkzeug/serving.py", line 577, in __init__
^C  File "/usr/lib/python3.7/socketserver.py", line 452, in __init__
    self.server_bind()
  File "/usr/lib/python3.7/http/server.py", line 139, in server_bind
    self.server_name = socket.getfqdn(host)
  File "/usr/lib/python3.7/socket.py", line 678, in getfqdn
    pass
KeyboardInterrupt
^C